<?xml version="1.0" encoding="UTF-8"?>
<!-- Generated by org.testng.reporters.JUnitXMLReporter -->
<testsuite ignored="0" hostname="DESKTOP-B371L1B" failures="1" tests="8" name="Test" time="20.857" errors="0" timestamp="2024-04-30T23:45:21 IST">
  <testcase classname="TestClass.IndexPageTest" name="ClickOnShoppingCartValidation" time="2.748"/>
  <testcase classname="TestClass.IndexPageTest" name="ClickOnWishListValidation" time="1.721"/>
  <testcase classname="TestClass.IndexPageTest" name="RegBtnClickValidate" time="4.72"/>
  <testcase classname="TestClass.IndexPageTest" name="RegBtnDisplayedValidate" time="0.112"/>
  <testcase classname="TestClass.IndexPageTest" name="Seachproduct" time="5.721"/>
  <testcase classname="TestClass.IndexPageTest" name="logInBtn" time="1.501"/>
  <testcase classname="TestClass.IndexPageTest" name="nopCommerceLogoDispValidate" time="0.202">
    <failure type="java.lang.AssertionError" message="expected [false] but found [true]">
      <![CDATA[java.lang.AssertionError: expected [false] but found [true]
at TestClass.IndexPageTest.nopCommerceLogoDispValidate(IndexPageTest.java:48)
at java.base/java.util.ArrayList.forEach(ArrayList.java:1511)
... Removed 31 stack frames]]>
    </failure>
  </testcase> <!-- nopCommerceLogoDispValidate -->
  <testcase classname="TestClass.IndexPageTest" name="TitleValidate" time="1.087"/>
</testsuite> <!-- Test -->
