<?xml version="1.0" encoding="UTF-8"?>
<!-- Generated by org.testng.reporters.JUnitXMLReporter -->
<testsuite ignored="0" hostname="DESKTOP-B371L1B" failures="0" tests="0" name="Test_Chrome" time="0.059" errors="0" timestamp="2024-04-24T18:59:47 IST">
  <testcase classname="com.base.BaseClass1" name="@BeforeSuite setup" time="-1.713965387023E9">
    <failure type="org.testng.TestNGException" message="
Parameter &amp;apos;browser&amp;apos; is required by BeforeSuite on method setup but has not been marked @Optional or defined
in C:\Users\zaibu\eclipse-workspace\zaaaza\testng.xml">
      <![CDATA[org.testng.TestNGException: 
Parameter 'browser' is required by BeforeSuite on method setup but has not been marked @Optional or defined
in C:\Users\zaibu\eclipse-workspace\zaaaza\testng.xml
... Removed 16 stack frames]]>
    </failure>
  </testcase> <!-- @BeforeSuite setup -->
  <testcase classname="TestClass.IndexPageTest" name="@BeforeClass OpenWebsit" time="-1.71396538706E9">
    <skipped/>
  </testcase> <!-- @BeforeClass OpenWebsit -->
</testsuite> <!-- Test_Chrome -->
